  Assembling source.asm...
source.asm(2): error A2013: .MODEL must precede this directive
source.asm(3): error A2034: must be in segment block : IntegerDiv_
source.asm(5): error A2034: must be in segment block
source.asm(6): error A2034: must be in segment block
source.asm(7): error A2034: must be in segment block
source.asm(8): error A2008: syntax error : movsxd
source.asm(9): error A2034: must be in segment block
source.asm(10): error A2034: must be in segment block
source.asm(12): error A2034: must be in segment block
source.asm(13): error A2034: must be in segment block
source.asm(14): error A2034: must be in segment block
source.asm(15): error A2034: must be in segment block
source.asm(16): error A2034: must be in segment block
source.asm(17): error A2034: must be in segment block
source.asm(20): error A2034: must be in segment block
source.asm(21): error A2034: must be in segment block
source.asm(22): error A2034: must be in segment block
source.asm(23): error A2034: must be in segment block
source.asm(24): error A2034: must be in segment block
source.asm(25): error A2034: must be in segment block
source.asm(26): error A2034: must be in segment block
source.asm(27): error A2034: must be in segment block
source.asm(29): error A2034: must be in segment block
source.asm(30): error A2034: must be in segment block
source.asm(31): error A2034: must be in segment block
source.asm(32): fatal error A1010: unmatched block nesting : IntegerDiv_
D:\Program Files\Microsoft Visual Studio\2022\Community\MSBuild\Microsoft\VC\v170\BuildCustomizations\masm.targets(70,5): error MSB3721: выход из команды "ml.exe /c /nologo /Zi /Fo"Release\source.obj" /W3 /errorReport:prompt  /Tasource.asm" с кодом "1".
